2024-08-02 17:46:04.379 [info] Extension host with pid 520663 started
2024-08-02 17:46:04.379 [error] Error: EEXIST: file already exists, open '/home/opc/.vscode-server/data/User/workspaceStorage/3809f83b1a367bc67518f53867fe7ec4/vscode.lock'
2024-08-02 17:46:04.382 [info] Lock '/home/opc/.vscode-server/data/User/workspaceStorage/3809f83b1a367bc67518f53867fe7ec4/vscode.lock': Could not acquire lock, checking if the file is stale.
2024-08-02 17:46:04.393 [info] Lock '/home/opc/.vscode-server/data/User/workspaceStorage/3809f83b1a367bc67518f53867fe7ec4/vscode.lock': The lock does not look stale, elapsed: 20 ms, giving up.
2024-08-02 17:46:04.397 [info] Lock '/home/opc/.vscode-server/data/User/workspaceStorage/3809f83b1a367bc67518f53867fe7ec4-1/vscode.lock': Lock acquired.
2024-08-02 17:46:04.979 [info] ExtensionService#_doActivateExtension vscode.emmet, startup: false, activationEvent: 'onLanguage'
2024-08-02 17:46:04.980 [info] ExtensionService#_doActivateExtension vscode.html-language-features, startup: false, activationEvent: 'onLanguage:html'
2024-08-02 17:46:05.539 [info] ExtensionService#_doActivateExtension vscode.git-base, startup: true, activationEvent: '*', root cause: vscode.git
2024-08-02 17:46:05.607 [info] ExtensionService#_doActivateExtension vscode.git, startup: true, activationEvent: '*'
2024-08-02 17:46:05.608 [info] ExtensionService#_doActivateExtension vscode.github, startup: true, activationEvent: '*'
2024-08-02 17:46:05.997 [info] Eager extensions activated
2024-08-02 17:46:05.998 [info] ExtensionService#_doActivateExtension vscode.debug-auto-launch, startup: false, activationEvent: 'onStartupFinished'
2024-08-02 17:46:05.998 [info] ExtensionService#_doActivateExtension vscode.merge-conflict, startup: false, activationEvent: 'onStartupFinished'
2024-08-02 19:56:32.276 [info] Extension host terminating: renderer disconnected for too long (2)
2024-08-02 19:56:32.276 [info] Lock '/home/opc/.vscode-server/data/User/workspaceStorage/3809f83b1a367bc67518f53867fe7ec4-1/vscode.lock': Marking the lockfile as scheduled to be released in 6000 ms.
2024-08-02 19:56:32.293 [error] Canceled: Canceled
	at new I (/home/opc/.vscode-server/cli/servers/Stable-f1e16e1e6214d7c44d078b1f0607b2388f29d729/server/out/vs/workbench/api/node/extensionHostProcess.js:146:34990)
	at S.U (/home/opc/.vscode-server/cli/servers/Stable-f1e16e1e6214d7c44d078b1f0607b2388f29d729/server/out/vs/workbench/api/node/extensionHostProcess.js:153:6023)
	at z.<computed>.F.charCodeAt.T.CharCode.DollarSign.z.<computed> (/home/opc/.vscode-server/cli/servers/Stable-f1e16e1e6214d7c44d078b1f0607b2388f29d729/server/out/vs/workbench/api/node/extensionHostProcess.js:153:3107)
	at f.g (/home/opc/.vscode-server/cli/servers/Stable-f1e16e1e6214d7c44d078b1f0607b2388f29d729/server/out/vs/workbench/api/node/extensionHostProcess.js:156:203861)
	at f.executeCommand (/home/opc/.vscode-server/cli/servers/Stable-f1e16e1e6214d7c44d078b1f0607b2388f29d729/server/out/vs/workbench/api/node/extensionHostProcess.js:156:203299)
	at A.registerCommand.description (/home/opc/.vscode-server/cli/servers/Stable-f1e16e1e6214d7c44d078b1f0607b2388f29d729/server/out/vs/workbench/api/node/extensionHostProcess.js:156:202623)
	at f.h (/home/opc/.vscode-server/cli/servers/Stable-f1e16e1e6214d7c44d078b1f0607b2388f29d729/server/out/vs/workbench/api/node/extensionHostProcess.js:156:204400)
	at f.g (/home/opc/.vscode-server/cli/servers/Stable-f1e16e1e6214d7c44d078b1f0607b2388f29d729/server/out/vs/workbench/api/node/extensionHostProcess.js:156:203392)
	at f.executeCommand (/home/opc/.vscode-server/cli/servers/Stable-f1e16e1e6214d7c44d078b1f0607b2388f29d729/server/out/vs/workbench/api/node/extensionHostProcess.js:156:203299)
	at Object.executeCommand (/home/opc/.vscode-server/cli/servers/Stable-f1e16e1e6214d7c44d078b1f0607b2388f29d729/server/out/vs/workbench/api/node/extensionHostProcess.js:166:23051)
	at n.O [as value] (/home/opc/.vscode-server/cli/servers/Stable-f1e16e1e6214d7c44d078b1f0607b2388f29d729/server/extensions/git/dist/main.js:2:949496)
	at r.B (/home/opc/.vscode-server/cli/servers/Stable-f1e16e1e6214d7c44d078b1f0607b2388f29d729/server/out/vs/workbench/api/node/extensionHostProcess.js:83:737)
	at r.C (/home/opc/.vscode-server/cli/servers/Stable-f1e16e1e6214d7c44d078b1f0607b2388f29d729/server/out/vs/workbench/api/node/extensionHostProcess.js:83:807)
	at r.fire (/home/opc/.vscode-server/cli/servers/Stable-f1e16e1e6214d7c44d078b1f0607b2388f29d729/server/out/vs/workbench/api/node/extensionHostProcess.js:83:1023)
	at Object.p [as dispose] (/home/opc/.vscode-server/cli/servers/Stable-f1e16e1e6214d7c44d078b1f0607b2388f29d729/server/extensions/git/dist/main.js:2:968700)
	at /home/opc/.vscode-server/cli/servers/Stable-f1e16e1e6214d7c44d078b1f0607b2388f29d729/server/extensions/git/dist/main.js:2:974738
	at Array.forEach (<anonymous>)
	at f.dispose (/home/opc/.vscode-server/cli/servers/Stable-f1e16e1e6214d7c44d078b1f0607b2388f29d729/server/extensions/git/dist/main.js:2:974724)
	at c.<anonymous> (/home/opc/.vscode-server/cli/servers/Stable-f1e16e1e6214d7c44d078b1f0607b2388f29d729/server/out/vs/workbench/api/node/extensionHostProcess.js:154:4048)
	at c.dispose (/home/opc/.vscode-server/cli/servers/Stable-f1e16e1e6214d7c44d078b1f0607b2388f29d729/server/out/vs/workbench/api/node/extensionHostProcess.js:154:4145)
	at c.<anonymous> (/home/opc/.vscode-server/cli/servers/Stable-f1e16e1e6214d7c44d078b1f0607b2388f29d729/server/extensions/git/dist/main.js:2:951753)
	at c.dispose (/home/opc/.vscode-server/cli/servers/Stable-f1e16e1e6214d7c44d078b1f0607b2388f29d729/server/out/vs/workbench/api/node/extensionHostProcess.js:154:4145)
	at d (/home/opc/.vscode-server/cli/servers/Stable-f1e16e1e6214d7c44d078b1f0607b2388f29d729/server/out/vs/workbench/api/node/extensionHostProcess.js:30:744)
	at m.eb (/home/opc/.vscode-server/cli/servers/Stable-f1e16e1e6214d7c44d078b1f0607b2388f29d729/server/out/vs/workbench/api/node/extensionHostProcess.js:162:10039)
	at /home/opc/.vscode-server/cli/servers/Stable-f1e16e1e6214d7c44d078b1f0607b2388f29d729/server/out/vs/workbench/api/node/extensionHostProcess.js:162:7915
	at Array.map (<anonymous>)
	at m.$ (/home/opc/.vscode-server/cli/servers/Stable-f1e16e1e6214d7c44d078b1f0607b2388f29d729/server/out/vs/workbench/api/node/extensionHostProcess.js:162:7902)
	at m.terminate (/home/opc/.vscode-server/cli/servers/Stable-f1e16e1e6214d7c44d078b1f0607b2388f29d729/server/out/vs/workbench/api/node/extensionHostProcess.js:162:8175)
	at d.terminate (/home/opc/.vscode-server/cli/servers/Stable-f1e16e1e6214d7c44d078b1f0607b2388f29d729/server/out/vs/workbench/api/node/extensionHostProcess.js:166:1513)
	at i (/home/opc/.vscode-server/cli/servers/Stable-f1e16e1e6214d7c44d078b1f0607b2388f29d729/server/out/vs/workbench/api/node/extensionHostProcess.js:179:10617)
	at F.a (/home/opc/.vscode-server/cli/servers/Stable-f1e16e1e6214d7c44d078b1f0607b2388f29d729/server/out/vs/workbench/api/node/extensionHostProcess.js:179:7285)
	at F.h (/home/opc/.vscode-server/cli/servers/Stable-f1e16e1e6214d7c44d078b1f0607b2388f29d729/server/out/vs/workbench/api/node/extensionHostProcess.js:100:21239)
	at listOnTimeout (node:internal/timers:573:17)
	at process.processTimers (node:internal/timers:514:7) setContext undefined
2024-08-02 19:56:32.293 [error] Canceled: Canceled
	at new I (/home/opc/.vscode-server/cli/servers/Stable-f1e16e1e6214d7c44d078b1f0607b2388f29d729/server/out/vs/workbench/api/node/extensionHostProcess.js:146:34990)
	at S.U (/home/opc/.vscode-server/cli/servers/Stable-f1e16e1e6214d7c44d078b1f0607b2388f29d729/server/out/vs/workbench/api/node/extensionHostProcess.js:153:6023)
	at z.<computed>.F.charCodeAt.T.CharCode.DollarSign.z.<computed> (/home/opc/.vscode-server/cli/servers/Stable-f1e16e1e6214d7c44d078b1f0607b2388f29d729/server/out/vs/workbench/api/node/extensionHostProcess.js:153:3107)
	at f.g (/home/opc/.vscode-server/cli/servers/Stable-f1e16e1e6214d7c44d078b1f0607b2388f29d729/server/out/vs/workbench/api/node/extensionHostProcess.js:156:203861)
	at f.executeCommand (/home/opc/.vscode-server/cli/servers/Stable-f1e16e1e6214d7c44d078b1f0607b2388f29d729/server/out/vs/workbench/api/node/extensionHostProcess.js:156:203299)
	at A.registerCommand.description (/home/opc/.vscode-server/cli/servers/Stable-f1e16e1e6214d7c44d078b1f0607b2388f29d729/server/out/vs/workbench/api/node/extensionHostProcess.js:156:202623)
	at f.h (/home/opc/.vscode-server/cli/servers/Stable-f1e16e1e6214d7c44d078b1f0607b2388f29d729/server/out/vs/workbench/api/node/extensionHostProcess.js:156:204400)
	at f.g (/home/opc/.vscode-server/cli/servers/Stable-f1e16e1e6214d7c44d078b1f0607b2388f29d729/server/out/vs/workbench/api/node/extensionHostProcess.js:156:203392)
	at f.executeCommand (/home/opc/.vscode-server/cli/servers/Stable-f1e16e1e6214d7c44d078b1f0607b2388f29d729/server/out/vs/workbench/api/node/extensionHostProcess.js:156:203299)
	at Object.executeCommand (/home/opc/.vscode-server/cli/servers/Stable-f1e16e1e6214d7c44d078b1f0607b2388f29d729/server/out/vs/workbench/api/node/extensionHostProcess.js:166:23051)
	at set hasGitHubRepositories [as hasGitHubRepositories] (/home/opc/.vscode-server/cli/servers/Stable-f1e16e1e6214d7c44d078b1f0607b2388f29d729/server/extensions/github/dist/extension.js:2:322969)
	at /home/opc/.vscode-server/cli/servers/Stable-f1e16e1e6214d7c44d078b1f0607b2388f29d729/server/extensions/github/dist/extension.js:2:323928
	at n.value (/home/opc/.vscode-server/cli/servers/Stable-f1e16e1e6214d7c44d078b1f0607b2388f29d729/server/extensions/git/dist/main.js:2:1055238)
	at r.B (/home/opc/.vscode-server/cli/servers/Stable-f1e16e1e6214d7c44d078b1f0607b2388f29d729/server/out/vs/workbench/api/node/extensionHostProcess.js:83:737)
	at r.C (/home/opc/.vscode-server/cli/servers/Stable-f1e16e1e6214d7c44d078b1f0607b2388f29d729/server/out/vs/workbench/api/node/extensionHostProcess.js:83:807)
	at r.fire (/home/opc/.vscode-server/cli/servers/Stable-f1e16e1e6214d7c44d078b1f0607b2388f29d729/server/out/vs/workbench/api/node/extensionHostProcess.js:83:1023)
	at Object.p [as dispose] (/home/opc/.vscode-server/cli/servers/Stable-f1e16e1e6214d7c44d078b1f0607b2388f29d729/server/extensions/git/dist/main.js:2:968700)
	at /home/opc/.vscode-server/cli/servers/Stable-f1e16e1e6214d7c44d078b1f0607b2388f29d729/server/extensions/git/dist/main.js:2:974738
	at Array.forEach (<anonymous>)
	at f.dispose (/home/opc/.vscode-server/cli/servers/Stable-f1e16e1e6214d7c44d078b1f0607b2388f29d729/server/extensions/git/dist/main.js:2:974724)
	at c.<anonymous> (/home/opc/.vscode-server/cli/servers/Stable-f1e16e1e6214d7c44d078b1f0607b2388f29d729/server/out/vs/workbench/api/node/extensionHostProcess.js:154:4048)
	at c.dispose (/home/opc/.vscode-server/cli/servers/Stable-f1e16e1e6214d7c44d078b1f0607b2388f29d729/server/out/vs/workbench/api/node/extensionHostProcess.js:154:4145)
	at c.<anonymous> (/home/opc/.vscode-server/cli/servers/Stable-f1e16e1e6214d7c44d078b1f0607b2388f29d729/server/extensions/git/dist/main.js:2:951753)
	at c.dispose (/home/opc/.vscode-server/cli/servers/Stable-f1e16e1e6214d7c44d078b1f0607b2388f29d729/server/out/vs/workbench/api/node/extensionHostProcess.js:154:4145)
	at d (/home/opc/.vscode-server/cli/servers/Stable-f1e16e1e6214d7c44d078b1f0607b2388f29d729/server/out/vs/workbench/api/node/extensionHostProcess.js:30:744)
	at m.eb (/home/opc/.vscode-server/cli/servers/Stable-f1e16e1e6214d7c44d078b1f0607b2388f29d729/server/out/vs/workbench/api/node/extensionHostProcess.js:162:10039)
	at /home/opc/.vscode-server/cli/servers/Stable-f1e16e1e6214d7c44d078b1f0607b2388f29d729/server/out/vs/workbench/api/node/extensionHostProcess.js:162:7915
	at Array.map (<anonymous>)
	at m.$ (/home/opc/.vscode-server/cli/servers/Stable-f1e16e1e6214d7c44d078b1f0607b2388f29d729/server/out/vs/workbench/api/node/extensionHostProcess.js:162:7902)
	at m.terminate (/home/opc/.vscode-server/cli/servers/Stable-f1e16e1e6214d7c44d078b1f0607b2388f29d729/server/out/vs/workbench/api/node/extensionHostProcess.js:162:8175)
	at d.terminate (/home/opc/.vscode-server/cli/servers/Stable-f1e16e1e6214d7c44d078b1f0607b2388f29d729/server/out/vs/workbench/api/node/extensionHostProcess.js:166:1513)
	at i (/home/opc/.vscode-server/cli/servers/Stable-f1e16e1e6214d7c44d078b1f0607b2388f29d729/server/out/vs/workbench/api/node/extensionHostProcess.js:179:10617)
	at F.a (/home/opc/.vscode-server/cli/servers/Stable-f1e16e1e6214d7c44d078b1f0607b2388f29d729/server/out/vs/workbench/api/node/extensionHostProcess.js:179:7285)
	at F.h (/home/opc/.vscode-server/cli/servers/Stable-f1e16e1e6214d7c44d078b1f0607b2388f29d729/server/out/vs/workbench/api/node/extensionHostProcess.js:100:21239)
	at listOnTimeout (node:internal/timers:573:17)
	at process.processTimers (node:internal/timers:514:7) setContext undefined
2024-08-02 19:56:32.295 [info] Extension host with pid 520663 exiting with code 0
